<?xml version="1.0" encoding="UTF-8"?>
<!-- Generated by org.testng.reporters.JUnitReportReporter -->
<testsuite skipped="0" hostname="MacBook-Pro-de-emanueru.local" name="GoogleTest" tests="4" failures="0" timestamp="2023-05-31T22:03:16 CST" time="14.803" errors="0">
  <testcase name="aboutPage" time="2.284" classname="GoogleTest"/>
  <system-out>
    <![CDATA[Ejecutando la prueba de ir a la página About.
Modal Abierto.
Modal cerrado.]]>
  </system-out>
  <testcase name="formularioContacto" time="3.065" classname="GoogleTest"/>
  <system-out>
    <![CDATA[Valor de variable correo: rebecaramirez1311@gmail.com
Valor de variable nombre: Rebeca Ramirez
Valor de variable mensaje: Solicito la lista de precios actualizada del mes junio en formato PDF, gracias.
Valor de variable alerta: Thanks for the message!!
Ejecutando la prueba de envio de formulario de contacto.
Modal cerrado.
Modal abierto.]]>
  </system-out>
  <testcase name="registro" time="5.076" classname="GoogleTest"/>
  <system-out>
    <![CDATA[Ejecutando la prueba de registro de usuario.
Valor de variable usuario: BeckySLR
Valor de variable contra: gatitos2
Ejecutando la prueba de envio de formulario de registro.
Modal Abierto.
Modal cerrado.
Modal abierto.]]>
  </system-out>
  <testcase name="login" time="4.378" classname="GoogleTest"/>
  <system-out>
    <![CDATA[Ejecutando la prueba de login de usuario.
Valor de variable usuario: BeckySLR
Valor de variable contra: gatitos2
Ejecutando la prueba de envio de formulario de login.
Modal Abierto.
Modal cerrado.
Modal abierto.
Wrong password.]]>
  </system-out>
</testsuite> <!-- GoogleTest -->
